TN:
SF:src/polyfills.ts
FNF:0
FNH:0
LF:0
LH:0
BRF:0
BRH:0
end_of_record
TN:
SF:src/test.ts
FNF:0
FNH:0
DA:18,1
DA:23,1
DA:25,1
LF:3
LH:3
BRF:0
BRH:0
end_of_record
TN:
SF:src/app/app.component.ts
FNF:0
FNH:0
DA:8,1
DA:9,3
LF:2
LH:2
BRF:0
BRH:0
end_of_record
TN:
SF:src/app/01-factorial/factorial.ts
FN:1,factorial
FNF:1
FNH:1
FNDA:4,factorial
DA:3,4
DA:4,3
DA:6,2
DA:7,2
DA:8,6
DA:10,2
LF:6
LH:6
BRDA:3,0,0,1
BRDA:3,0,1,3
BRDA:4,1,0,1
BRDA:4,1,1,2
BRF:4
BRH:4
end_of_record
TN:
SF:src/app/01-fundamentals/compute.ts
FN:1,compute
FNF:1
FNH:1
FNDA:2,compute
DA:2,2
DA:4,1
LF:2
LH:2
BRDA:2,0,0,1
BRDA:2,0,1,1
BRF:2
BRH:2
end_of_record
TN:
SF:src/app/02-arrays-and-strings/getCurrencies.ts
FN:1,getCurrencies
FNF:1
FNH:1
FNDA:1,getCurrencies
DA:2,1
LF:1
LH:1
BRF:0
BRH:0
end_of_record
TN:
SF:src/app/02-arrays-and-strings/greet.ts
FN:1,greet
FNF:1
FNH:1
FNDA:1,greet
DA:2,1
LF:1
LH:1
BRF:0
BRH:0
end_of_record
TN:
SF:src/app/03-setup-and-teardown/vote.component.ts
FN:1,(anonymous_0)
FN:4,(anonymous_1)
FN:8,(anonymous_2)
FNF:3
FNH:3
FNDA:2,(anonymous_0)
FNDA:1,(anonymous_1)
FNDA:1,(anonymous_2)
DA:2,2
DA:5,1
DA:9,1
LF:3
LH:3
BRF:0
BRH:0
end_of_record
TN:
SF:src/app/formuala/formula-fuerza.component.ts
FN:1,(anonymous_0)
FN:6,(anonymous_1)
FNF:2
FNH:2
FNDA:1,(anonymous_0)
FNDA:1,(anonymous_1)
DA:2,1
DA:7,1
DA:8,1
LF:3
LH:3
BRDA:8,0,0,1
BRDA:8,0,1,0
BRDA:8,1,0,1
BRDA:8,1,1,1
BRF:4
BRH:3
end_of_record
